app/build/intermediates/manifest_merge_blame_file/debug/manifest-merger-blame-debug-report.txt
1<?xml version="1.0" encoding="utf-8"?>
2<manifest xmlns:android="http://schemas.android.com/apk/res/android"
3    package="com.iutmontreuil.idiomem"
4    android:versionCode="1"
5    android:versionName="1.0" >
6
7    <uses-sdk
8        android:minSdkVersion="23"
8-->src\main\AndroidManifest.xml
9        android:targetSdkVersion="29" />
9-->src\main\AndroidManifest.xml
10
11    <application
11-->src\main\AndroidManifest.xml:6:5-37:19
12        android:allowBackup="true"
12-->src\main\AndroidManifest.xml:7:9-35
13        android:appComponentFactory="androidx.core.app.CoreComponentFactory"
13-->[androidx.core:core:1.1.0] AndroidManifest.xml:24:18-86
14        android:debuggable="true"
15        android:extractNativeLibs="false"
16        android:icon="@mipmap/mon_icon"
16-->src\main\AndroidManifest.xml:8:9-40
17        android:label="@string/app_name"
17-->src\main\AndroidManifest.xml:9:9-41
18        android:roundIcon="@mipmap/mon_icon3"
18-->src\main\AndroidManifest.xml:10:9-46
19        android:supportsRtl="true"
19-->src\main\AndroidManifest.xml:11:9-35
20        android:testOnly="true"
21        android:theme="@style/AppTheme" >
21-->src\main\AndroidManifest.xml:12:9-40
22        <activity
22-->src\main\AndroidManifest.xml:13:9-18:70
23            android:name="com.iutmontreuil.idiomem.QuestionActivity"
23-->src\main\AndroidManifest.xml:14:13-45
24            android:configChanges="orientation"
24-->src\main\AndroidManifest.xml:15:13-48
25            android:label="@string/title_question"
25-->src\main\AndroidManifest.xml:16:13-51
26            android:screenOrientation="portrait"
26-->src\main\AndroidManifest.xml:17:13-49
27            android:windowSoftInputMode="stateVisible|adjustResize" />
27-->src\main\AndroidManifest.xml:18:13-68
28        <activity
28-->src\main\AndroidManifest.xml:19:9-24:70
29            android:name="com.iutmontreuil.idiomem.EditActivity"
29-->src\main\AndroidManifest.xml:20:13-41
30            android:configChanges="orientation"
30-->src\main\AndroidManifest.xml:21:13-48
31            android:label="@string/title_edit"
31-->src\main\AndroidManifest.xml:22:13-47
32            android:screenOrientation="portrait"
32-->src\main\AndroidManifest.xml:23:13-49
33            android:windowSoftInputMode="stateVisible|adjustResize" />
33-->src\main\AndroidManifest.xml:24:13-68
34        <activity
34-->src\main\AndroidManifest.xml:25:9-36:20
35            android:name="com.iutmontreuil.idiomem.MainActivity"
35-->src\main\AndroidManifest.xml:26:13-41
36            android:configChanges="orientation"
36-->src\main\AndroidManifest.xml:27:13-48
37            android:label="@string/app_name"
37-->src\main\AndroidManifest.xml:28:13-45
38            android:screenOrientation="portrait"
38-->src\main\AndroidManifest.xml:29:13-49
39            android:windowSoftInputMode="adjustNothing" >
39-->src\main\AndroidManifest.xml:30:13-56
40            <intent-filter>
40-->src\main\AndroidManifest.xml:31:13-35:29
41                <action android:name="android.intent.action.MAIN" />
41-->src\main\AndroidManifest.xml:32:17-69
41-->src\main\AndroidManifest.xml:32:25-66
42
43                <category android:name="android.intent.category.LAUNCHER" />
43-->src\main\AndroidManifest.xml:34:17-77
43-->src\main\AndroidManifest.xml:34:27-74
44            </intent-filter>
45        </activity>
46
47        <service
47-->[androidx.room:room-runtime:2.2.3] AndroidManifest.xml:25:9-27:40
48            android:name="androidx.room.MultiInstanceInvalidationService"
48-->[androidx.room:room-runtime:2.2.3] AndroidManifest.xml:26:13-74
49            android:exported="false" />
49-->[androidx.room:room-runtime:2.2.3] AndroidManifest.xml:27:13-37
50
51        <provider
51-->[androidx.lifecycle:lifecycle-process:2.0.0] AndroidManifest.xml:23:9-27:43
52            android:name="androidx.lifecycle.ProcessLifecycleOwnerInitializer"
52-->[androidx.lifecycle:lifecycle-process:2.0.0] AndroidManifest.xml:24:13-79
53            android:authorities="com.iutmontreuil.idiomem.lifecycle-process"
53-->[androidx.lifecycle:lifecycle-process:2.0.0] AndroidManifest.xml:25:13-69
54            android:exported="false"
54-->[androidx.lifecycle:lifecycle-process:2.0.0] AndroidManifest.xml:26:13-37
55            android:multiprocess="true" />
55-->[androidx.lifecycle:lifecycle-process:2.0.0] AndroidManifest.xml:27:13-40
56    </application>
57
58</manifest>